{"name":"test","status":"broken","statusDetails":{"known":false,"muted":false,"flaky":false,"message":"java.lang.IllegalArgumentException: SendKeysModel: The mandatory field 'text' is not present in JSON\nBuild info: version: '3.141.59', revision: 'e82be7d358', time: '2018-11-14T08:17:03'\nSystem info: host: 'CL-NB-944.local', ip: 'fe80:0:0:0:42c:115a:1c1b:ffb5%en0', os.name: 'Mac OS X', os.arch: 'x86_64', os.version: '10.15.7', java.version: '1.8.0_271'\nDriver info: io.appium.java_client.android.AndroidDriver\nCapabilities {app: /Users/carlosfuentes/Downlo..., appPackage: com.rodrigo.registro, databaseEnabled: false, desired: {app: /Users/carlosfuentes/Downlo..., deviceName: emulator-5554, platformName: android}, deviceApiLevel: 30, deviceManufacturer: Google, deviceModel: sdk_gphone_x86_arm, deviceName: emulator-5554, deviceScreenDensity: 440, deviceScreenSize: 1080x2220, deviceUDID: emulator-5554, javascriptEnabled: true, locationContextEnabled: false, networkConnectionEnabled: true, pixelRatio: 2.75, platform: LINUX, platformName: android, platformVersion: 11, statBarHeight: 66, takesScreenshot: true, viewportRect: {height: 2022, left: 0, top: 66, width: 1080}, warnings: {}, webStorageEnabled: false}\nSession ID: b7530270-878a-428b-a9a8-3b1ba8d0dd00","trace":"org.openqa.selenium.InvalidArgumentException: java.lang.IllegalArgumentException: SendKeysModel: The mandatory field 'text' is not present in JSON\nBuild info: version: '3.141.59', revision: 'e82be7d358', time: '2018-11-14T08:17:03'\nSystem info: host: 'CL-NB-944.local', ip: 'fe80:0:0:0:42c:115a:1c1b:ffb5%en0', os.name: 'Mac OS X', os.arch: 'x86_64', os.version: '10.15.7', java.version: '1.8.0_271'\nDriver info: io.appium.java_client.android.AndroidDriver\nCapabilities {app: /Users/carlosfuentes/Downlo..., appPackage: com.rodrigo.registro, databaseEnabled: false, desired: {app: /Users/carlosfuentes/Downlo..., deviceName: emulator-5554, platformName: android}, deviceApiLevel: 30, deviceManufacturer: Google, deviceModel: sdk_gphone_x86_arm, deviceName: emulator-5554, deviceScreenDensity: 440, deviceScreenSize: 1080x2220, deviceUDID: emulator-5554, javascriptEnabled: true, locationContextEnabled: false, networkConnectionEnabled: true, pixelRatio: 2.75, platform: LINUX, platformName: android, platformVersion: 11, statBarHeight: 66, takesScreenshot: true, viewportRect: {height: 2022, left: 0, top: 66, width: 1080}, warnings: {}, webStorageEnabled: false}\nSession ID: b7530270-878a-428b-a9a8-3b1ba8d0dd00\n\tat sun.reflect.NativeConstructorAccessorImpl.newInstance0(Native Method)\n\tat sun.reflect.NativeConstructorAccessorImpl.newInstance(NativeConstructorAccessorImpl.java:62)\n\tat sun.reflect.DelegatingConstructorAccessorImpl.newInstance(DelegatingConstructorAccessorImpl.java:45)\n\tat java.lang.reflect.Constructor.newInstance(Constructor.java:423)\n\tat org.openqa.selenium.remote.http.W3CHttpResponseCodec.createException(W3CHttpResponseCodec.java:187)\n\tat org.openqa.selenium.remote.http.W3CHttpResponseCodec.decode(W3CHttpResponseCodec.java:122)\n\tat org.openqa.selenium.remote.http.W3CHttpResponseCodec.decode(W3CHttpResponseCodec.java:49)\n\tat org.openqa.selenium.remote.HttpCommandExecutor.execute(HttpCommandExecutor.java:158)\n\tat io.appium.java_client.remote.AppiumCommandExecutor.execute(AppiumCommandExecutor.java:247)\n\tat org.openqa.selenium.remote.RemoteWebDriver.execute(RemoteWebDriver.java:552)\n\tat io.appium.java_client.DefaultGenericMobileDriver.execute(DefaultGenericMobileDriver.java:41)\n\tat io.appium.java_client.AppiumDriver.execute(AppiumDriver.java:1)\n\tat io.appium.java_client.android.AndroidDriver.execute(AndroidDriver.java:1)\n\tat org.openqa.selenium.remote.RemoteWebElement.execute(RemoteWebElement.java:285)\n\tat io.appium.java_client.DefaultGenericMobileElement.execute(DefaultGenericMobileElement.java:45)\n\tat io.appium.java_client.MobileElement.execute(MobileElement.java:1)\n\tat io.appium.java_client.android.AndroidElement.execute(AndroidElement.java:1)\n\tat io.appium.java_client.MobileElement.setValue(MobileElement.java:97)\n\tat sun.reflect.NativeMethodAccessorImpl.invoke0(Native Method)\n\tat sun.reflect.NativeMethodAccessorImpl.invoke(NativeMethodAccessorImpl.java:62)\n\tat sun.reflect.DelegatingMethodAccessorImpl.invoke(DelegatingMethodAccessorImpl.java:43)\n\tat java.lang.reflect.Method.invoke(Method.java:498)\n\tat io.appium.java_client.pagefactory.ElementInterceptor.getObject(ElementInterceptor.java:40)\n\tat io.appium.java_client.pagefactory.interceptors.InterceptorOfASingleElement.intercept(InterceptorOfASingleElement.java:60)\n\tat io.appium.java_client.android.AndroidElement$$EnhancerByCGLIB$$b598166c.setValue(<generated>)\n\tat pages.CarruselPage.completarDatosUsuario(CarruselPage.java:115)\n\tat testClases.carrusel.TestCarrusel.frontEnd(TestCarrusel.java:22)\n\tat testSuites.examplesDriver.test(examplesDriver.java:27)\n\tat sun.reflect.NativeMethodAccessorImpl.invoke0(Native Method)\n\tat sun.reflect.NativeMethodAccessorImpl.invoke(NativeMethodAccessorImpl.java:62)\n\tat sun.reflect.DelegatingMethodAccessorImpl.invoke(DelegatingMethodAccessorImpl.java:43)\n\tat java.lang.reflect.Method.invoke(Method.java:498)\n\tat org.testng.internal.MethodInvocationHelper.invokeMethod(MethodInvocationHelper.java:124)\n\tat org.testng.internal.Invoker.invokeMethod(Invoker.java:583)\n\tat org.testng.internal.Invoker.invokeTestMethod(Invoker.java:719)\n\tat org.testng.internal.Invoker.invokeTestMethods(Invoker.java:989)\n\tat org.testng.internal.TestMethodWorker.invokeTestMethods(TestMethodWorker.java:125)\n\tat org.testng.internal.TestMethodWorker.run(TestMethodWorker.java:109)\n\tat org.testng.TestRunner.privateRun(TestRunner.java:648)\n\tat org.testng.TestRunner.run(TestRunner.java:505)\n\tat org.testng.SuiteRunner.runTest(SuiteRunner.java:455)\n\tat org.testng.SuiteRunner.runSequentially(SuiteRunner.java:450)\n\tat org.testng.SuiteRunner.privateRun(SuiteRunner.java:415)\n\tat org.testng.SuiteRunner.run(SuiteRunner.java:364)\n\tat org.testng.SuiteRunnerWorker.runSuite(SuiteRunnerWorker.java:52)\n\tat org.testng.SuiteRunnerWorker.run(SuiteRunnerWorker.java:84)\n\tat org.testng.TestNG.runSuitesSequentially(TestNG.java:1208)\n\tat org.testng.TestNG.runSuitesLocally(TestNG.java:1137)\n\tat org.testng.TestNG.runSuites(TestNG.java:1049)\n\tat org.testng.TestNG.run(TestNG.java:1017)\n\tat com.intellij.rt.testng.IDEARemoteTestNG.run(IDEARemoteTestNG.java:66)\n\tat com.intellij.rt.testng.RemoteTestNGStarter.main(RemoteTestNGStarter.java:109)\n"},"stage":"finished","steps":[{"name":"Se visualiza boton avanzar","status":"passed","stage":"finished","steps":[],"attachments":[],"parameters":[],"start":1609731629365,"stop":1609731629366},{"name":"Se visualiza boton avanzar","status":"passed","stage":"finished","steps":[],"attachments":[],"parameters":[],"start":1609731630244,"stop":1609731630244},{"name":"Se visualiza boton avanzar","status":"passed","stage":"finished","steps":[],"attachments":[],"parameters":[],"start":1609731631157,"stop":1609731631157},{"name":"[Exitoso] - Valida boton agregar usuario","status":"passed","stage":"finished","steps":[],"attachments":[],"parameters":[],"start":1609731667014,"stop":1609731667014},{"name":"[Exitoso] - Valida boton agregar producto","status":"passed","stage":"finished","steps":[],"attachments":[],"parameters":[],"start":1609731669657,"stop":1609731669657}],"attachments":[],"parameters":[],"start":1609731629149,"stop":1609731671395,"uuid":"7c85ab2e-6bfd-4b86-aeac-5093eec484e0","historyId":"29696e9775ef8c9a9b889ad21e7a39db","fullName":"testSuites.examplesDriver.test","labels":[{"name":"package","value":"testSuites.examplesDriver"},{"name":"testClass","value":"testSuites.examplesDriver"},{"name":"testMethod","value":"test"},{"name":"parentSuite","value":"Default Suite"},{"name":"suite","value":"CursoAppium"},{"name":"subSuite","value":"testSuites.examplesDriver"},{"name":"host","value":"CL-NB-944.local"},{"name":"thread","value":"2783@CL-NB-944.local.main(1)"}],"links":[]}