{"name":"testCaseUno","status":"broken","statusDetails":{"known":false,"muted":false,"flaky":false,"message":"Can't locate an element by this strategy: By.chained({By.id: com.rodrigo.registro:id/next})","trace":"org.openqa.selenium.NoSuchElementException: Can't locate an element by this strategy: By.chained({By.id: com.rodrigo.registro:id/next})\n\tat io.appium.java_client.pagefactory.AppiumElementLocator.findElement(AppiumElementLocator.java:126)\n\tat io.appium.java_client.pagefactory.interceptors.InterceptorOfASingleElement.intercept(InterceptorOfASingleElement.java:59)\n\tat io.appium.java_client.android.AndroidElement$$EnhancerByCGLIB$$b598166c.isEnabled(<generated>)\n\tat pages.CarruselPage.recorrerCarrusel(CarruselPage.java:173)\n\tat testClases.carrusel.TestCaseUno.frontEnd(TestCaseUno.java:15)\n\tat testSuites.examplesDriver.testCaseUno(examplesDriver.java:20)\n\tat sun.reflect.NativeMethodAccessorImpl.invoke0(Native Method)\n\tat sun.reflect.NativeMethodAccessorImpl.invoke(NativeMethodAccessorImpl.java:62)\n\tat sun.reflect.DelegatingMethodAccessorImpl.invoke(DelegatingMethodAccessorImpl.java:43)\n\tat java.lang.reflect.Method.invoke(Method.java:498)\n\tat org.testng.internal.MethodInvocationHelper.invokeMethod(MethodInvocationHelper.java:124)\n\tat org.testng.internal.Invoker.invokeMethod(Invoker.java:583)\n\tat org.testng.internal.Invoker.invokeTestMethod(Invoker.java:719)\n\tat org.testng.internal.Invoker.invokeTestMethods(Invoker.java:989)\n\tat org.testng.internal.TestMethodWorker.invokeTestMethods(TestMethodWorker.java:125)\n\tat org.testng.internal.TestMethodWorker.run(TestMethodWorker.java:109)\n\tat org.testng.TestRunner.privateRun(TestRunner.java:648)\n\tat org.testng.TestRunner.run(TestRunner.java:505)\n\tat org.testng.SuiteRunner.runTest(SuiteRunner.java:455)\n\tat org.testng.SuiteRunner.runSequentially(SuiteRunner.java:450)\n\tat org.testng.SuiteRunner.privateRun(SuiteRunner.java:415)\n\tat org.testng.SuiteRunner.run(SuiteRunner.java:364)\n\tat org.testng.SuiteRunnerWorker.runSuite(SuiteRunnerWorker.java:52)\n\tat org.testng.SuiteRunnerWorker.run(SuiteRunnerWorker.java:84)\n\tat org.testng.TestNG.runSuitesSequentially(TestNG.java:1208)\n\tat org.testng.TestNG.runSuitesLocally(TestNG.java:1137)\n\tat org.testng.TestNG.runSuites(TestNG.java:1049)\n\tat org.testng.TestNG.run(TestNG.java:1017)\n\tat com.intellij.rt.testng.IDEARemoteTestNG.run(IDEARemoteTestNG.java:66)\n\tat com.intellij.rt.testng.RemoteTestNGStarter.main(RemoteTestNGStarter.java:109)\nCaused by: org.openqa.selenium.TimeoutException: Expected condition failed: waiting for io.appium.java_client.pagefactory.AppiumElementLocator$WaitingFunction@5b43fbf6 (tried for 1 second(s) with 500 milliseconds interval)\n\tat org.openqa.selenium.support.ui.FluentWait.timeoutException(FluentWait.java:304)\n\tat org.openqa.selenium.support.ui.FluentWait.until(FluentWait.java:272)\n\tat io.appium.java_client.pagefactory.AppiumElementLocator.waitFor(AppiumElementLocator.java:99)\n\tat io.appium.java_client.pagefactory.AppiumElementLocator.findElement(AppiumElementLocator.java:119)\n\t... 29 more\nCaused by: org.openqa.selenium.NoSuchElementException: Cannot locate an element using By.chained({By.id: com.rodrigo.registro:id/next})\nFor documentation on this error, please visit: https://www.seleniumhq.org/exceptions/no_such_element.html\nBuild info: version: '3.141.59', revision: 'e82be7d358', time: '2018-11-14T08:17:03'\nSystem info: host: 'CL-NB-944.local', ip: 'fe80:0:0:0:430:ef23:dfa7:9d6b%en0', os.name: 'Mac OS X', os.arch: 'x86_64', os.version: '10.15.7', java.version: '1.8.0_271'\nDriver info: driver.version: examplesDriver\n\tat io.appium.java_client.pagefactory.bys.builder.ByChained.findElement(ByChained.java:74)\n\tat org.openqa.selenium.remote.RemoteWebDriver.findElement(RemoteWebDriver.java:315)\n\tat io.appium.java_client.DefaultGenericMobileDriver.findElement(DefaultGenericMobileDriver.java:57)\n\tat io.appium.java_client.AppiumDriver.findElement(AppiumDriver.java:1)\n\tat io.appium.java_client.android.AndroidDriver.findElement(AndroidDriver.java:1)\n\tat io.appium.java_client.pagefactory.bys.ContentMappedBy.findElement(ContentMappedBy.java:50)\n\tat org.openqa.selenium.remote.RemoteWebDriver.findElement(RemoteWebDriver.java:315)\n\tat io.appium.java_client.DefaultGenericMobileDriver.findElement(DefaultGenericMobileDriver.java:57)\n\tat io.appium.java_client.AppiumDriver.findElement(AppiumDriver.java:1)\n\tat io.appium.java_client.android.AndroidDriver.findElement(AndroidDriver.java:1)\n\tat io.appium.java_client.pagefactory.AppiumElementLocator.lambda$0(AppiumElementLocator.java:120)\n\tat io.appium.java_client.pagefactory.AppiumElementLocator$WaitingFunction.apply(AppiumElementLocator.java:172)\n\tat io.appium.java_client.pagefactory.AppiumElementLocator$WaitingFunction.apply(AppiumElementLocator.java:1)\n\tat org.openqa.selenium.support.ui.FluentWait.until(FluentWait.java:249)\n\t... 31 more\n"},"stage":"finished","steps":[],"attachments":[],"parameters":[],"start":1609901141213,"stop":1609901152136,"uuid":"99939334-45bf-486f-b744-c1e06c73925b","historyId":"d0be211eac249605566aa061d5390db0","fullName":"testSuites.examplesDriver.testCaseUno","labels":[{"name":"package","value":"testSuites.examplesDriver"},{"name":"testClass","value":"testSuites.examplesDriver"},{"name":"testMethod","value":"testCaseUno"},{"name":"parentSuite","value":"Default Suite"},{"name":"suite","value":"CursoAppium"},{"name":"subSuite","value":"testSuites.examplesDriver"},{"name":"host","value":"CL-NB-944.local"},{"name":"thread","value":"46286@CL-NB-944.local.main(1)"}],"links":[]}